This file contains any messages produced by compilers while
running configure, to aid debugging if configure makes a mistake.

It was created by libpssa configure 1.0.0RC, which was
generated by GNU Autoconf 2.69.  Invocation command line was

  $ ./configure 

## --------- ##
## Platform. ##
## --------- ##

hostname = golgoth
uname -m = x86_64
uname -r = 3.2.0-4-amd64
uname -s = Linux
uname -v = #1 SMP Debian 3.2.60-1+deb7u3

/usr/bin/uname -p = unknown
/bin/uname -X     = unknown

/bin/arch              = unknown
/usr/bin/arch -k       = unknown
/usr/convex/getsysinfo = unknown
/usr/bin/hostinfo      = unknown
/bin/machine           = unknown
/usr/bin/oslevel       = unknown
/bin/universe          = unknown

PATH: /home/guilhem/tools/cytoscape/Cytoscape_v3.1.0
PATH: /home/guilhem/auto/07p/cmds
PATH: /home/guilhem/auto/07p/bin
PATH: /home/guilhem/tools/cytoscape/Cytoscape_v3.1.0
PATH: /home/guilhem/auto/07p/cmds
PATH: /home/guilhem/auto/07p/bin
PATH: /usr/local/bin
PATH: /usr/bin
PATH: /bin
PATH: /usr/local/games
PATH: /usr/games


## ----------- ##
## Core tests. ##
## ----------- ##

configure:2504: checking build system type
configure:2518: result: x86_64-unknown-linux-gnu
configure:2538: checking host system type
configure:2551: result: x86_64-unknown-linux-gnu
configure:2592: checking how to print strings
configure:2619: result: printf
configure:2688: checking for gcc
configure:2704: found /usr/bin/gcc
configure:2715: result: gcc
configure:2944: checking for C compiler version
configure:2953: gcc --version >&5
gcc (Debian 4.7.2-5) 4.7.2
Copyright (C) 2012 Free Software Foundation, Inc.
This is free software; see the source for copying conditions.  There is NO
warranty; not even for MERCHANTABILITY or FITNESS FOR A PARTICULAR PURPOSE.

configure:2964: $? = 0
configure:2953: gcc -v >&5
Using built-in specs.
COLLECT_GCC=gcc
COLLECT_LTO_WRAPPER=/usr/lib/gcc/x86_64-linux-gnu/4.7/lto-wrapper
Target: x86_64-linux-gnu
Configured with: ../src/configure -v --with-pkgversion='Debian 4.7.2-5' --with-bugurl=file:///usr/share/doc/gcc-4.7/README.Bugs --enable-languages=c,c++,go,fortran,objc,obj-c++ --prefix=/usr --program-suffix=-4.7 --enable-shared --enable-linker-build-id --with-system-zlib --libexecdir=/usr/lib --without-included-gettext --enable-threads=posix --with-gxx-include-dir=/usr/include/c++/4.7 --libdir=/usr/lib --enable-nls --with-sysroot=/ --enable-clocale=gnu --enable-libstdcxx-debug --enable-libstdcxx-time=yes --enable-gnu-unique-object --enable-plugin --enable-objc-gc --with-arch-32=i586 --with-tune=generic --enable-checking=release --build=x86_64-linux-gnu --host=x86_64-linux-gnu --target=x86_64-linux-gnu
Thread model: posix
gcc version 4.7.2 (Debian 4.7.2-5) 
configure:2964: $? = 0
configure:2953: gcc -V >&5
gcc: error: unrecognized command line option '-V'
gcc: fatal error: no input files
compilation terminated.
configure:2964: $? = 4
configure:2953: gcc -qversion >&5
gcc: error: unrecognized command line option '-qversion'
gcc: fatal error: no input files
compilation terminated.
configure:2964: $? = 4
configure:2984: checking whether the C compiler works
configure:3006: gcc    conftest.c  >&5
configure:3010: $? = 0
configure:3058: result: yes
configure:3061: checking for C compiler default output file name
configure:3063: result: a.out
configure:3069: checking for suffix of executables
configure:3076: gcc -o conftest    conftest.c  >&5
configure:3080: $? = 0
configure:3102: result: 
configure:3124: checking whether we are cross compiling
configure:3132: gcc -o conftest    conftest.c  >&5
configure:3136: $? = 0
configure:3143: ./conftest
configure:3147: $? = 0
configure:3162: result: no
configure:3167: checking for suffix of object files
configure:3189: gcc -c   conftest.c >&5
configure:3193: $? = 0
configure:3214: result: o
configure:3218: checking whether we are using the GNU C compiler
configure:3237: gcc -c   conftest.c >&5
configure:3237: $? = 0
configure:3246: result: yes
configure:3255: checking whether gcc accepts -g
configure:3275: gcc -c -g  conftest.c >&5
configure:3275: $? = 0
configure:3316: result: yes
configure:3333: checking for gcc option to accept ISO C89
configure:3396: gcc  -c -g -O2  conftest.c >&5
configure:3396: $? = 0
configure:3409: result: none needed
configure:3429: checking for a sed that does not truncate output
configure:3493: result: /bin/sed
configure:3511: checking for grep that handles long lines and -e
configure:3569: result: /bin/grep
configure:3574: checking for egrep
configure:3636: result: /bin/grep -E
configure:3641: checking for fgrep
configure:3703: result: /bin/grep -F
configure:3738: checking for ld used by gcc
configure:3805: result: /usr/bin/ld
configure:3812: checking if the linker (/usr/bin/ld) is GNU ld
configure:3827: result: yes
configure:3839: checking for BSD- or MS-compatible name lister (nm)
configure:3888: result: /usr/bin/nm -B
configure:4018: checking the name lister (/usr/bin/nm -B) interface
configure:4025: gcc -c -g -O2  conftest.c >&5
configure:4028: /usr/bin/nm -B "conftest.o"
configure:4031: output
0000000000000000 B some_variable
configure:4038: result: BSD nm
configure:4041: checking whether ln -s works
configure:4045: result: yes
configure:4053: checking the maximum length of command line arguments
configure:4183: result: 1572864
configure:4200: checking whether the shell understands some XSI constructs
configure:4210: result: yes
configure:4214: checking whether the shell understands "+="
configure:4220: result: yes
configure:4255: checking how to convert x86_64-unknown-linux-gnu file names to x86_64-unknown-linux-gnu format
configure:4295: result: func_convert_file_noop
configure:4302: checking how to convert x86_64-unknown-linux-gnu file names to toolchain format
configure:4322: result: func_convert_file_noop
configure:4329: checking for /usr/bin/ld option to reload object files
configure:4336: result: -r
configure:4410: checking for objdump
configure:4426: found /usr/bin/objdump
configure:4437: result: objdump
configure:4469: checking how to recognize dependent libraries
configure:4671: result: pass_all
configure:4756: checking for dlltool
configure:4786: result: no
configure:4816: checking how to associate runtime and link libraries
configure:4843: result: printf %s\n
configure:4904: checking for ar
configure:4920: found /usr/bin/ar
configure:4931: result: ar
configure:4968: checking for archiver @FILE support
configure:4985: gcc -c -g -O2  conftest.c >&5
configure:4985: $? = 0
configure:4988: ar cru libconftest.a @conftest.lst >&5
configure:4991: $? = 0
configure:4996: ar cru libconftest.a @conftest.lst >&5
ar: conftest.o: No such file or directory
configure:4999: $? = 1
configure:5011: result: @
configure:5069: checking for strip
configure:5085: found /usr/bin/strip
configure:5096: result: strip
configure:5168: checking for ranlib
configure:5184: found /usr/bin/ranlib
configure:5195: result: ranlib
configure:5272: checking for gawk
configure:5302: result: no
configure:5272: checking for mawk
configure:5288: found /usr/bin/mawk
configure:5299: result: mawk
configure:5339: checking command to parse /usr/bin/nm -B output from gcc object
configure:5459: gcc -c -g -O2  conftest.c >&5
configure:5462: $? = 0
configure:5466: /usr/bin/nm -B conftest.o \| sed -n -e 's/^.*[ ]\([ABCDGIRSTW][ABCDGIRSTW]*\)[ ][ ]*\([_A-Za-z][_A-Za-z0-9]*\)$/\1 \2 \2/p' | sed '/ __gnu_lto/d' \> conftest.nm
configure:5469: $? = 0
configure:5535: gcc -o conftest -g -O2   conftest.c conftstm.o >&5
configure:5538: $? = 0
configure:5576: result: ok
configure:5613: checking for sysroot
configure:5643: result: no
configure:5720: gcc -c -g -O2  conftest.c >&5
configure:5723: $? = 0
configure:5899: checking for mt
configure:5915: found /bin/mt
configure:5926: result: mt
configure:5949: checking if mt is a manifest tool
configure:5955: mt '-?'
configure:5963: result: no
configure:6605: checking how to run the C preprocessor
configure:6636: gcc -E  conftest.c
configure:6636: $? = 0
configure:6650: gcc -E  conftest.c
conftest.c:9:28: fatal error: ac_nonexistent.h: No such file or directory
compilation terminated.
configure:6650: $? = 1
configure: failed program was:
| /* confdefs.h */
| #define PACKAGE_NAME "libpssa"
| #define PACKAGE_TARNAME "libpssa"
| #define PACKAGE_VERSION "1.0.0RC"
| #define PACKAGE_STRING "libpssa 1.0.0RC"
| #define PACKAGE_BUGREPORT "incardon@mpi-cbg.de"
| #define PACKAGE_URL ""
| /* end confdefs.h.  */
| #include <ac_nonexistent.h>
configure:6675: result: gcc -E
configure:6695: gcc -E  conftest.c
configure:6695: $? = 0
configure:6709: gcc -E  conftest.c
conftest.c:9:28: fatal error: ac_nonexistent.h: No such file or directory
compilation terminated.
configure:6709: $? = 1
configure: failed program was:
| /* confdefs.h */
| #define PACKAGE_NAME "libpssa"
| #define PACKAGE_TARNAME "libpssa"
| #define PACKAGE_VERSION "1.0.0RC"
| #define PACKAGE_STRING "libpssa 1.0.0RC"
| #define PACKAGE_BUGREPORT "incardon@mpi-cbg.de"
| #define PACKAGE_URL ""
| /* end confdefs.h.  */
| #include <ac_nonexistent.h>
configure:6738: checking for ANSI C header files
configure:6758: gcc -c -g -O2  conftest.c >&5
configure:6758: $? = 0
configure:6831: gcc -o conftest -g -O2   conftest.c  >&5
configure:6831: $? = 0
configure:6831: ./conftest
configure:6831: $? = 0
configure:6842: result: yes
configure:6855: checking for sys/types.h
configure:6855: gcc -c -g -O2  conftest.c >&5
configure:6855: $? = 0
configure:6855: result: yes
configure:6855: checking for sys/stat.h
configure:6855: gcc -c -g -O2  conftest.c >&5
configure:6855: $? = 0
configure:6855: result: yes
configure:6855: checking for stdlib.h
configure:6855: gcc -c -g -O2  conftest.c >&5
configure:6855: $? = 0
configure:6855: result: yes
configure:6855: checking for string.h
configure:6855: gcc -c -g -O2  conftest.c >&5
configure:6855: $? = 0
configure:6855: result: yes
configure:6855: checking for memory.h
configure:6855: gcc -c -g -O2  conftest.c >&5
configure:6855: $? = 0
configure:6855: result: yes
configure:6855: checking for strings.h
configure:6855: gcc -c -g -O2  conftest.c >&5
configure:6855: $? = 0
configure:6855: result: yes
configure:6855: checking for inttypes.h
configure:6855: gcc -c -g -O2  conftest.c >&5
configure:6855: $? = 0
configure:6855: result: yes
configure:6855: checking for stdint.h
configure:6855: gcc -c -g -O2  conftest.c >&5
configure:6855: $? = 0
configure:6855: result: yes
configure:6855: checking for unistd.h
configure:6855: gcc -c -g -O2  conftest.c >&5
configure:6855: $? = 0
configure:6855: result: yes
configure:6869: checking for dlfcn.h
configure:6869: gcc -c -g -O2  conftest.c >&5
configure:6869: $? = 0
configure:6869: result: yes
configure:7075: checking for objdir
configure:7090: result: .libs
configure:7357: checking if gcc supports -fno-rtti -fno-exceptions
configure:7375: gcc -c -g -O2  -fno-rtti -fno-exceptions conftest.c >&5
cc1: warning: command line option '-fno-rtti' is valid for C++/ObjC++ but not for C [enabled by default]
configure:7379: $? = 0
configure:7392: result: no
configure:7719: checking for gcc option to produce PIC
configure:7726: result: -fPIC -DPIC
configure:7734: checking if gcc PIC flag -fPIC -DPIC works
configure:7752: gcc -c -g -O2  -fPIC -DPIC -DPIC conftest.c >&5
configure:7756: $? = 0
configure:7769: result: yes
configure:7798: checking if gcc static flag -static works
configure:7826: result: yes
configure:7841: checking if gcc supports -c -o file.o
configure:7862: gcc -c -g -O2  -o out/conftest2.o conftest.c >&5
configure:7866: $? = 0
configure:7888: result: yes
configure:7896: checking if gcc supports -c -o file.o
configure:7943: result: yes
configure:7976: checking whether the gcc linker (/usr/bin/ld -m elf_x86_64) supports shared libraries
configure:9129: result: yes
configure:9166: checking whether -lc should be explicitly linked in
configure:9174: gcc -c -g -O2  conftest.c >&5
configure:9177: $? = 0
configure:9192: gcc -shared  -fPIC -DPIC conftest.o  -v -Wl,-soname -Wl,conftest -o conftest 2\>\&1 \| /bin/grep  -lc  \>/dev/null 2\>\&1
configure:9195: $? = 0
configure:9209: result: no
configure:9369: checking dynamic linker characteristics
configure:9880: gcc -o conftest -g -O2   -Wl,-rpath -Wl,/foo conftest.c  >&5
configure:9880: $? = 0
configure:10106: result: GNU/Linux ld.so
configure:10213: checking how to hardcode library paths into programs
configure:10238: result: immediate
configure:10778: checking whether stripping libraries is possible
configure:10783: result: yes
configure:10818: checking if libtool supports shared libraries
configure:10820: result: yes
configure:10823: checking whether to build shared libraries
configure:10844: result: yes
configure:10847: checking whether to build static libraries
configure:10851: result: yes
configure:10888: checking target system type
configure:10901: result: x86_64-unknown-linux-gnu
configure:10945: checking for a BSD-compatible install
configure:11013: result: /usr/bin/install -c
configure:11024: checking whether build environment is sane
configure:11079: result: yes
configure:11230: checking for a thread-safe mkdir -p
configure:11269: result: /bin/mkdir -p
configure:11272: checking whether make sets $(MAKE)
configure:11294: result: yes
configure:11324: checking for style of include used by make
configure:11352: result: GNU
configure:11444: checking dependency style of gcc
configure:11555: result: gcc3
configure:11872: checking whether to build with debug information
configure:11883: result: no
configure:11957: checking for g++
configure:11973: found /usr/bin/g++
configure:11984: result: g++
configure:12011: checking for C++ compiler version
configure:12020: g++ --version >&5
g++ (Debian 4.7.2-5) 4.7.2
Copyright (C) 2012 Free Software Foundation, Inc.
This is free software; see the source for copying conditions.  There is NO
warranty; not even for MERCHANTABILITY or FITNESS FOR A PARTICULAR PURPOSE.

configure:12031: $? = 0
configure:12020: g++ -v >&5
Using built-in specs.
COLLECT_GCC=g++
COLLECT_LTO_WRAPPER=/usr/lib/gcc/x86_64-linux-gnu/4.7/lto-wrapper
Target: x86_64-linux-gnu
Configured with: ../src/configure -v --with-pkgversion='Debian 4.7.2-5' --with-bugurl=file:///usr/share/doc/gcc-4.7/README.Bugs --enable-languages=c,c++,go,fortran,objc,obj-c++ --prefix=/usr --program-suffix=-4.7 --enable-shared --enable-linker-build-id --with-system-zlib --libexecdir=/usr/lib --without-included-gettext --enable-threads=posix --with-gxx-include-dir=/usr/include/c++/4.7 --libdir=/usr/lib --enable-nls --with-sysroot=/ --enable-clocale=gnu --enable-libstdcxx-debug --enable-libstdcxx-time=yes --enable-gnu-unique-object --enable-plugin --enable-objc-gc --with-arch-32=i586 --with-tune=generic --enable-checking=release --build=x86_64-linux-gnu --host=x86_64-linux-gnu --target=x86_64-linux-gnu
Thread model: posix
gcc version 4.7.2 (Debian 4.7.2-5) 
configure:12031: $? = 0
configure:12020: g++ -V >&5
g++: error: unrecognized command line option '-V'
g++: fatal error: no input files
compilation terminated.
configure:12031: $? = 4
configure:12020: g++ -qversion >&5
g++: error: unrecognized command line option '-qversion'
g++: fatal error: no input files
compilation terminated.
configure:12031: $? = 4
configure:12035: checking whether we are using the GNU C++ compiler
configure:12054: g++ -c  -O2   conftest.cpp >&5
configure:12054: $? = 0
configure:12063: result: yes
configure:12072: checking whether g++ accepts -g
configure:12092: g++ -c -g  conftest.cpp >&5
configure:12092: $? = 0
configure:12133: result: yes
configure:12158: checking dependency style of g++
configure:12269: result: gcc3
configure:12407: checking for C++ compiler version
configure:12416: g++ --version >&5
g++ (Debian 4.7.2-5) 4.7.2
Copyright (C) 2012 Free Software Foundation, Inc.
This is free software; see the source for copying conditions.  There is NO
warranty; not even for MERCHANTABILITY or FITNESS FOR A PARTICULAR PURPOSE.

configure:12427: $? = 0
configure:12416: g++ -v >&5
Using built-in specs.
COLLECT_GCC=g++
COLLECT_LTO_WRAPPER=/usr/lib/gcc/x86_64-linux-gnu/4.7/lto-wrapper
Target: x86_64-linux-gnu
Configured with: ../src/configure -v --with-pkgversion='Debian 4.7.2-5' --with-bugurl=file:///usr/share/doc/gcc-4.7/README.Bugs --enable-languages=c,c++,go,fortran,objc,obj-c++ --prefix=/usr --program-suffix=-4.7 --enable-shared --enable-linker-build-id --with-system-zlib --libexecdir=/usr/lib --without-included-gettext --enable-threads=posix --with-gxx-include-dir=/usr/include/c++/4.7 --libdir=/usr/lib --enable-nls --with-sysroot=/ --enable-clocale=gnu --enable-libstdcxx-debug --enable-libstdcxx-time=yes --enable-gnu-unique-object --enable-plugin --enable-objc-gc --with-arch-32=i586 --with-tune=generic --enable-checking=release --build=x86_64-linux-gnu --host=x86_64-linux-gnu --target=x86_64-linux-gnu
Thread model: posix
gcc version 4.7.2 (Debian 4.7.2-5) 
configure:12427: $? = 0
configure:12416: g++ -V >&5
g++: error: unrecognized command line option '-V'
g++: fatal error: no input files
compilation terminated.
configure:12427: $? = 4
configure:12416: g++ -qversion >&5
g++: error: unrecognized command line option '-qversion'
g++: fatal error: no input files
compilation terminated.
configure:12427: $? = 4
configure:12431: checking whether we are using the GNU C++ compiler
configure:12459: result: yes
configure:12468: checking whether g++ accepts -g
configure:12529: result: yes
configure:12559: checking how to run the C++ preprocessor
configure:12586: g++ -E  conftest.cpp
configure:12586: $? = 0
configure:12600: g++ -E  conftest.cpp
conftest.cpp:23:28: fatal error: ac_nonexistent.h: No such file or directory
compilation terminated.
configure:12600: $? = 1
configure: failed program was:
| /* confdefs.h */
| #define PACKAGE_NAME "libpssa"
| #define PACKAGE_TARNAME "libpssa"
| #define PACKAGE_VERSION "1.0.0RC"
| #define PACKAGE_STRING "libpssa 1.0.0RC"
| #define PACKAGE_BUGREPORT "incardon@mpi-cbg.de"
| #define PACKAGE_URL ""
| #define STDC_HEADERS 1
| #define HAVE_SYS_TYPES_H 1
| #define HAVE_SYS_STAT_H 1
| #define HAVE_STDLIB_H 1
| #define HAVE_STRING_H 1
| #define HAVE_MEMORY_H 1
| #define HAVE_STRINGS_H 1
| #define HAVE_INTTYPES_H 1
| #define HAVE_STDINT_H 1
| #define HAVE_UNISTD_H 1
| #define HAVE_DLFCN_H 1
| #define LT_OBJDIR ".libs/"
| #define PACKAGE "libpssa"
| #define VERSION "1.0.0RC"
| /* end confdefs.h.  */
| #include <ac_nonexistent.h>
configure:12625: result: g++ -E
configure:12645: g++ -E  conftest.cpp
configure:12645: $? = 0
configure:12659: g++ -E  conftest.cpp
conftest.cpp:23:28: fatal error: ac_nonexistent.h: No such file or directory
compilation terminated.
configure:12659: $? = 1
configure: failed program was:
| /* confdefs.h */
| #define PACKAGE_NAME "libpssa"
| #define PACKAGE_TARNAME "libpssa"
| #define PACKAGE_VERSION "1.0.0RC"
| #define PACKAGE_STRING "libpssa 1.0.0RC"
| #define PACKAGE_BUGREPORT "incardon@mpi-cbg.de"
| #define PACKAGE_URL ""
| #define STDC_HEADERS 1
| #define HAVE_SYS_TYPES_H 1
| #define HAVE_SYS_STAT_H 1
| #define HAVE_STDLIB_H 1
| #define HAVE_STRING_H 1
| #define HAVE_MEMORY_H 1
| #define HAVE_STRINGS_H 1
| #define HAVE_INTTYPES_H 1
| #define HAVE_STDINT_H 1
| #define HAVE_UNISTD_H 1
| #define HAVE_DLFCN_H 1
| #define LT_OBJDIR ".libs/"
| #define PACKAGE "libpssa"
| #define VERSION "1.0.0RC"
| /* end confdefs.h.  */
| #include <ac_nonexistent.h>
configure:12828: checking for ld used by g++
configure:12895: result: /usr/bin/ld -m elf_x86_64
configure:12902: checking if the linker (/usr/bin/ld -m elf_x86_64) is GNU ld
configure:12917: result: yes
configure:12972: checking whether the g++ linker (/usr/bin/ld -m elf_x86_64) supports shared libraries
configure:13977: result: yes
configure:14013: g++ -c  -O2   conftest.cpp >&5
configure:14016: $? = 0
configure:14536: checking for g++ option to produce PIC
configure:14543: result: -fPIC -DPIC
configure:14551: checking if g++ PIC flag -fPIC -DPIC works
configure:14569: g++ -c  -O2   -fPIC -DPIC -DPIC conftest.cpp >&5
configure:14573: $? = 0
configure:14586: result: yes
configure:14609: checking if g++ static flag -static works
configure:14637: result: yes
configure:14649: checking if g++ supports -c -o file.o
configure:14670: g++ -c  -O2   -o out/conftest2.o conftest.cpp >&5
configure:14674: $? = 0
configure:14696: result: yes
configure:14701: checking if g++ supports -c -o file.o
configure:14748: result: yes
configure:14778: checking whether the g++ linker (/usr/bin/ld -m elf_x86_64) supports shared libraries
configure:14814: result: yes
configure:14955: checking dynamic linker characteristics
configure:15626: result: GNU/Linux ld.so
configure:15679: checking how to hardcode library paths into programs
configure:15704: result: immediate
configure:15746: checking dependency style of g++
configure:15857: result: gcc3
configure:16200: checking for C++ compiler version
configure:16209: g++ --version >&5
g++ (Debian 4.7.2-5) 4.7.2
Copyright (C) 2012 Free Software Foundation, Inc.
This is free software; see the source for copying conditions.  There is NO
warranty; not even for MERCHANTABILITY or FITNESS FOR A PARTICULAR PURPOSE.

configure:16220: $? = 0
configure:16209: g++ -v >&5
Using built-in specs.
COLLECT_GCC=g++
COLLECT_LTO_WRAPPER=/usr/lib/gcc/x86_64-linux-gnu/4.7/lto-wrapper
Target: x86_64-linux-gnu
Configured with: ../src/configure -v --with-pkgversion='Debian 4.7.2-5' --with-bugurl=file:///usr/share/doc/gcc-4.7/README.Bugs --enable-languages=c,c++,go,fortran,objc,obj-c++ --prefix=/usr --program-suffix=-4.7 --enable-shared --enable-linker-build-id --with-system-zlib --libexecdir=/usr/lib --without-included-gettext --enable-threads=posix --with-gxx-include-dir=/usr/include/c++/4.7 --libdir=/usr/lib --enable-nls --with-sysroot=/ --enable-clocale=gnu --enable-libstdcxx-debug --enable-libstdcxx-time=yes --enable-gnu-unique-object --enable-plugin --enable-objc-gc --with-arch-32=i586 --with-tune=generic --enable-checking=release --build=x86_64-linux-gnu --host=x86_64-linux-gnu --target=x86_64-linux-gnu
Thread model: posix
gcc version 4.7.2 (Debian 4.7.2-5) 
configure:16220: $? = 0
configure:16209: g++ -V >&5
g++: error: unrecognized command line option '-V'
g++: fatal error: no input files
compilation terminated.
configure:16220: $? = 4
configure:16209: g++ -qversion >&5
g++: error: unrecognized command line option '-qversion'
g++: fatal error: no input files
compilation terminated.
configure:16220: $? = 4
configure:16224: checking whether we are using the GNU C++ compiler
configure:16252: result: yes
configure:16261: checking whether g++ accepts -g
configure:16322: result: yes
configure:16347: checking dependency style of g++
configure:16458: result: gcc3
configure:16480: checking time.h usability
configure:16480: g++ -c  -O2   conftest.cpp >&5
configure:16480: $? = 0
configure:16480: result: yes
configure:16480: checking time.h presence
configure:16480: g++ -E  conftest.cpp
configure:16480: $? = 0
configure:16480: result: yes
configure:16480: checking for time.h
configure:16480: result: yes
configure:16488: checking cmath usability
configure:16488: g++ -c  -O2   conftest.cpp >&5
configure:16488: $? = 0
configure:16488: result: yes
configure:16488: checking cmath presence
configure:16488: g++ -E  conftest.cpp
configure:16488: $? = 0
configure:16488: result: yes
configure:16488: checking for cmath
configure:16488: result: yes
configure:16496: checking fstream usability
configure:16496: g++ -c  -O2   conftest.cpp >&5
configure:16496: $? = 0
configure:16496: result: yes
configure:16496: checking fstream presence
configure:16496: g++ -E  conftest.cpp
configure:16496: $? = 0
configure:16496: result: yes
configure:16496: checking for fstream
configure:16496: result: yes
configure:16504: checking iostream usability
configure:16504: g++ -c  -O2   conftest.cpp >&5
configure:16504: $? = 0
configure:16504: result: yes
configure:16504: checking iostream presence
configure:16504: g++ -E  conftest.cpp
configure:16504: $? = 0
configure:16504: result: yes
configure:16504: checking for iostream
configure:16504: result: yes
configure:16512: checking for sys/stat.h
configure:16512: result: yes
configure:16520: checking vector usability
configure:16520: g++ -c  -O2   conftest.cpp >&5
configure:16520: $? = 0
configure:16520: result: yes
configure:16520: checking vector presence
configure:16520: g++ -E  conftest.cpp
configure:16520: $? = 0
configure:16520: result: yes
configure:16520: checking for vector
configure:16520: result: yes
configure:16528: checking for string.h
configure:16528: result: yes
configure:16536: checking set usability
configure:16536: g++ -c  -O2   conftest.cpp >&5
configure:16536: $? = 0
configure:16536: result: yes
configure:16536: checking set presence
configure:16536: g++ -E  conftest.cpp
configure:16536: $? = 0
configure:16536: result: yes
configure:16536: checking for set
configure:16536: result: yes
configure:16544: checking for stdlib.h
configure:16544: result: yes
configure:16597: checking for gsl-config
configure:16615: found /usr/bin/gsl-config
configure:16628: result: /usr/bin/gsl-config
configure:16637: checking for GSL - version >= 1.15
configure:16731: gcc -o conftest -g -O2 -I/usr/include   conftest.c  -L/usr/lib -lgsl -lgslcblas -lm >&5
configure:16731: $? = 0
configure:16731: ./conftest
configure:16731: $? = 0
configure:16745: result: yes
configure:16855: checking for boostlib >= 1.33
configure:16923: g++ -c  -O2   -I/usr/include conftest.cpp >&5
configure:16923: $? = 0
configure:16925: result: yes
configure:17101: checking whether the Boost::Program_Options library is available
configure:17125: g++ -c  -O2   -I/usr/include conftest.cpp >&5
configure:17125: $? = 0
configure:17139: result: yes
configure:17150: checking for exit in -lboost_program_options-mt
configure:17175: gcc -o conftest -g -O2  -I/usr/include  -L/usr/lib conftest.c -lboost_program_options-mt   >&5
conftest.c:32:6: warning: conflicting types for built-in function 'exit' [enabled by default]
configure:17175: $? = 0
configure:17185: result: yes
configure:17335: checking for gcc architecture flag
configure:17337: result: 
configure:17359: checking for x86 cpuid 0 output
configure:17388: gcc -o conftest -g -O2   conftest.c  >&5
configure:17388: $? = 0
configure:17388: ./conftest
configure:17388: $? = 0
configure:17398: result: a:756e6547:6c65746e:49656e69
configure:17414: checking for x86 cpuid 1 output
configure:17443: gcc -o conftest -g -O2   conftest.c  >&5
configure:17443: $? = 0
configure:17443: ./conftest
configure:17443: $? = 0
configure:17453: result: 10676:20800:8e3fd:bfebfbff
configure:17677: checking whether C compiler accepts -mtune=penryn
configure:17696: gcc -c -g -O2  -mtune=penryn  conftest.c >&5
conftest.c:1:0: error: bad value (penryn) for -mtune= switch
configure:17696: $? = 1
configure: failed program was:
| /* confdefs.h */
| #define PACKAGE_NAME "libpssa"
| #define PACKAGE_TARNAME "libpssa"
| #define PACKAGE_VERSION "1.0.0RC"
| #define PACKAGE_STRING "libpssa 1.0.0RC"
| #define PACKAGE_BUGREPORT "incardon@mpi-cbg.de"
| #define PACKAGE_URL ""
| #define STDC_HEADERS 1
| #define HAVE_SYS_TYPES_H 1
| #define HAVE_SYS_STAT_H 1
| #define HAVE_STDLIB_H 1
| #define HAVE_STRING_H 1
| #define HAVE_MEMORY_H 1
| #define HAVE_STRINGS_H 1
| #define HAVE_INTTYPES_H 1
| #define HAVE_STDINT_H 1
| #define HAVE_UNISTD_H 1
| #define HAVE_DLFCN_H 1
| #define LT_OBJDIR ".libs/"
| #define PACKAGE "libpssa"
| #define VERSION "1.0.0RC"
| #define HAVE_BOOST /**/
| #define HAVE_BOOST_PROGRAM_OPTIONS /**/
| /* end confdefs.h.  */
| 
| int
| main ()
| {
| 
|   ;
|   return 0;
| }
configure:17705: result: no
configure:17677: checking whether C compiler accepts -mcpu=penryn
configure:17696: gcc -c -g -O2  -mcpu=penryn  conftest.c >&5
gcc: warning: '-mcpu=' is deprecated; use '-mtune=' or '-march=' instead
conftest.c:1:0: error: bad value (penryn) for -mtune= switch
configure:17696: $? = 1
configure: failed program was:
| /* confdefs.h */
| #define PACKAGE_NAME "libpssa"
| #define PACKAGE_TARNAME "libpssa"
| #define PACKAGE_VERSION "1.0.0RC"
| #define PACKAGE_STRING "libpssa 1.0.0RC"
| #define PACKAGE_BUGREPORT "incardon@mpi-cbg.de"
| #define PACKAGE_URL ""
| #define STDC_HEADERS 1
| #define HAVE_SYS_TYPES_H 1
| #define HAVE_SYS_STAT_H 1
| #define HAVE_STDLIB_H 1
| #define HAVE_STRING_H 1
| #define HAVE_MEMORY_H 1
| #define HAVE_STRINGS_H 1
| #define HAVE_INTTYPES_H 1
| #define HAVE_STDINT_H 1
| #define HAVE_UNISTD_H 1
| #define HAVE_DLFCN_H 1
| #define LT_OBJDIR ".libs/"
| #define PACKAGE "libpssa"
| #define VERSION "1.0.0RC"
| #define HAVE_BOOST /**/
| #define HAVE_BOOST_PROGRAM_OPTIONS /**/
| /* end confdefs.h.  */
| 
| int
| main ()
| {
| 
|   ;
|   return 0;
| }
configure:17705: result: no
configure:17677: checking whether C compiler accepts -mpenryn
configure:17696: gcc -c -g -O2  -mpenryn  conftest.c >&5
gcc: error: unrecognized command line option '-mpenryn'
configure:17696: $? = 1
configure: failed program was:
| /* confdefs.h */
| #define PACKAGE_NAME "libpssa"
| #define PACKAGE_TARNAME "libpssa"
| #define PACKAGE_VERSION "1.0.0RC"
| #define PACKAGE_STRING "libpssa 1.0.0RC"
| #define PACKAGE_BUGREPORT "incardon@mpi-cbg.de"
| #define PACKAGE_URL ""
| #define STDC_HEADERS 1
| #define HAVE_SYS_TYPES_H 1
| #define HAVE_SYS_STAT_H 1
| #define HAVE_STDLIB_H 1
| #define HAVE_STRING_H 1
| #define HAVE_MEMORY_H 1
| #define HAVE_STRINGS_H 1
| #define HAVE_INTTYPES_H 1
| #define HAVE_STDINT_H 1
| #define HAVE_UNISTD_H 1
| #define HAVE_DLFCN_H 1
| #define LT_OBJDIR ".libs/"
| #define PACKAGE "libpssa"
| #define VERSION "1.0.0RC"
| #define HAVE_BOOST /**/
| #define HAVE_BOOST_PROGRAM_OPTIONS /**/
| /* end confdefs.h.  */
| 
| int
| main ()
| {
| 
|   ;
|   return 0;
| }
configure:17705: result: no
configure:17677: checking whether C compiler accepts -mtune=core2
configure:17696: gcc -c -g -O2  -mtune=core2  conftest.c >&5
configure:17696: $? = 0
configure:17705: result: yes
configure:17722: checking for gcc architecture flag
configure:17724: result: -mtune=core2
configure:17869: result: no
configure:17874: checking for a sse4_2 processor
configure:17882: result: no
configure:17887: checking for a sse4_1 processor
configure:17891: result: yes
configure:17900: checking for a sse3 processor
configure:17904: result: yes
configure:17913: checking for a sse2 processor
configure:17917: result: yes
configure:17926: checking for a sse processor
configure:17930: result: yes
configure:18169: checking whether C compiler accepts -m64
configure:18188: gcc -c -g -O2  -m64  conftest.c >&5
configure:18188: $? = 0
configure:18196: result: yes
configure:18204: checking whether C compiler accepts -mmmx
configure:18223: gcc -c -g -O2  -mmmx  conftest.c >&5
configure:18223: $? = 0
configure:18231: result: yes
configure:18239: checking whether C compiler accepts -Wno-unused-but-set-variable
configure:18258: gcc -c -g -O2  -Wno-unused-but-set-variable  conftest.c >&5
configure:18258: $? = 0
configure:18266: result: yes
configure:18298: checking for zipOpen in -lsbml
configure:18323: gcc -o conftest -g -O2   conftest.c -lsbml   >&5
configure:18323: $? = 0
configure:18332: result: yes
configure:18350: checking for clock_gettime in -lrt
configure:18375: gcc -o conftest -g -O2   conftest.c -lrt  -lsbml  >&5
configure:18375: $? = 0
configure:18384: result: yes
configure:18512: checking that generated files are newer than configure
configure:18518: result: done
configure:18553: creating ./config.status

## ---------------------- ##
## Running config.status. ##
## ---------------------- ##

This file was extended by libpssa config.status 1.0.0RC, which was
generated by GNU Autoconf 2.69.  Invocation command line was

  CONFIG_FILES    = 
  CONFIG_HEADERS  = 
  CONFIG_LINKS    = 
  CONFIG_COMMANDS = 
  $ ./config.status 

on golgoth

config.status:1163: creating Makefile
config.status:1163: creating libpssa/Makefile
config.status:1163: creating libpssa/src/Makefile
config.status:1163: creating pssa_cli/Makefile
config.status:1163: creating pssa_test/Makefile
config.status:1163: creating examples/Makefile
config.status:1163: creating examples/Gray_Scott_2D/Makefile
config.status:1163: creating libpssa/src/config.h
config.status:1344: libpssa/src/config.h is unchanged
config.status:1392: executing libtool commands
config.status:1392: executing depfiles commands

## ---------------- ##
## Cache variables. ##
## ---------------- ##

ac_cv_build=x86_64-unknown-linux-gnu
ac_cv_c_compiler_gnu=yes
ac_cv_cxx_compiler_gnu=yes
ac_cv_env_CCC_set=
ac_cv_env_CCC_value=
ac_cv_env_CC_set=
ac_cv_env_CC_value=
ac_cv_env_CFLAGS_set=
ac_cv_env_CFLAGS_value=
ac_cv_env_CPPFLAGS_set=
ac_cv_env_CPPFLAGS_value=
ac_cv_env_CPP_set=
ac_cv_env_CPP_value=
ac_cv_env_CXXCPP_set=
ac_cv_env_CXXCPP_value=
ac_cv_env_CXXFLAGS_set=
ac_cv_env_CXXFLAGS_value=
ac_cv_env_CXX_set=
ac_cv_env_CXX_value=
ac_cv_env_LDFLAGS_set=
ac_cv_env_LDFLAGS_value=
ac_cv_env_LIBS_set=
ac_cv_env_LIBS_value=
ac_cv_env_MPICXX_set=
ac_cv_env_MPICXX_value=
ac_cv_env_build_alias_set=
ac_cv_env_build_alias_value=
ac_cv_env_host_alias_set=
ac_cv_env_host_alias_value=
ac_cv_env_target_alias_set=
ac_cv_env_target_alias_value=
ac_cv_header_cmath=yes
ac_cv_header_dlfcn_h=yes
ac_cv_header_fstream=yes
ac_cv_header_inttypes_h=yes
ac_cv_header_iostream=yes
ac_cv_header_memory_h=yes
ac_cv_header_set=yes
ac_cv_header_stdc=yes
ac_cv_header_stdint_h=yes
ac_cv_header_stdlib_h=yes
ac_cv_header_string_h=yes
ac_cv_header_strings_h=yes
ac_cv_header_sys_stat_h=yes
ac_cv_header_sys_types_h=yes
ac_cv_header_time_h=yes
ac_cv_header_unistd_h=yes
ac_cv_header_vector=yes
ac_cv_host=x86_64-unknown-linux-gnu
ac_cv_lib_boost_program_options_mt___exit=yes
ac_cv_lib_rt_clock_gettime=yes
ac_cv_lib_sbml_zipOpen=yes
ac_cv_objext=o
ac_cv_path_EGREP='/bin/grep -E'
ac_cv_path_FGREP='/bin/grep -F'
ac_cv_path_GREP=/bin/grep
ac_cv_path_GSL_CONFIG=/usr/bin/gsl-config
ac_cv_path_SED=/bin/sed
ac_cv_path_install='/usr/bin/install -c'
ac_cv_path_mkdir=/bin/mkdir
ac_cv_prog_AWK=mawk
ac_cv_prog_CPP='gcc -E'
ac_cv_prog_CXXCPP='g++ -E'
ac_cv_prog_ac_ct_AR=ar
ac_cv_prog_ac_ct_CC=gcc
ac_cv_prog_ac_ct_CXX=g++
ac_cv_prog_ac_ct_MANIFEST_TOOL=mt
ac_cv_prog_ac_ct_OBJDUMP=objdump
ac_cv_prog_ac_ct_RANLIB=ranlib
ac_cv_prog_ac_ct_STRIP=strip
ac_cv_prog_cc_c89=
ac_cv_prog_cc_g=yes
ac_cv_prog_cxx_g=yes
ac_cv_prog_make_make_set=yes
ac_cv_target=x86_64-unknown-linux-gnu
am_cv_CC_dependencies_compiler_type=gcc3
am_cv_CXX_dependencies_compiler_type=gcc3
ax_cv_boost_program_options=yes
ax_cv_check_cflags___Wno_unused_but_set_variable=yes
ax_cv_check_cflags___m64=yes
ax_cv_check_cflags___mcpu_penryn=no
ax_cv_check_cflags___mmmx=yes
ax_cv_check_cflags___mpenryn=no
ax_cv_check_cflags___mtune_core2=yes
ax_cv_check_cflags___mtune_penryn=no
ax_cv_gcc_archflag=-mtune=core2
ax_cv_gcc_x86_cpuid_0=a:756e6547:6c65746e:49656e69
ax_cv_gcc_x86_cpuid_1=10676:20800:8e3fd:bfebfbff
lt_cv_ar_at_file=@
lt_cv_archive_cmds_need_lc=no
lt_cv_deplibs_check_method=pass_all
lt_cv_file_magic_cmd='$MAGIC_CMD'
lt_cv_file_magic_test_file=
lt_cv_ld_reload_flag=-r
lt_cv_nm_interface='BSD nm'
lt_cv_objdir=.libs
lt_cv_path_LD=/usr/bin/ld
lt_cv_path_LDCXX='/usr/bin/ld -m elf_x86_64'
lt_cv_path_NM='/usr/bin/nm -B'
lt_cv_path_mainfest_tool=no
lt_cv_prog_compiler_c_o=yes
lt_cv_prog_compiler_c_o_CXX=yes
lt_cv_prog_compiler_pic='-fPIC -DPIC'
lt_cv_prog_compiler_pic_CXX='-fPIC -DPIC'
lt_cv_prog_compiler_pic_works=yes
lt_cv_prog_compiler_pic_works_CXX=yes
lt_cv_prog_compiler_rtti_exceptions=no
lt_cv_prog_compiler_static_works=yes
lt_cv_prog_compiler_static_works_CXX=yes
lt_cv_prog_gnu_ld=yes
lt_cv_prog_gnu_ldcxx=yes
lt_cv_sharedlib_from_linklib_cmd='printf %s\n'
lt_cv_shlibpath_overrides_runpath=no
lt_cv_sys_global_symbol_pipe='sed -n -e '\''s/^.*[	 ]\([ABCDGIRSTW][ABCDGIRSTW]*\)[	 ][	 ]*\([_A-Za-z][_A-Za-z0-9]*\)$/\1 \2 \2/p'\'' | sed '\''/ __gnu_lto/d'\'''
lt_cv_sys_global_symbol_to_c_name_address='sed -n -e '\''s/^: \([^ ]*\)[ ]*$/  {\"\1\", (void *) 0},/p'\'' -e '\''s/^[ABCDGIRSTW]* \([^ ]*\) \([^ ]*\)$/  {"\2", (void *) \&\2},/p'\'''
lt_cv_sys_global_symbol_to_c_name_address_lib_prefix='sed -n -e '\''s/^: \([^ ]*\)[ ]*$/  {\"\1\", (void *) 0},/p'\'' -e '\''s/^[ABCDGIRSTW]* \([^ ]*\) \(lib[^ ]*\)$/  {"\2", (void *) \&\2},/p'\'' -e '\''s/^[ABCDGIRSTW]* \([^ ]*\) \([^ ]*\)$/  {"lib\2", (void *) \&\2},/p'\'''
lt_cv_sys_global_symbol_to_cdecl='sed -n -e '\''s/^T .* \(.*\)$/extern int \1();/p'\'' -e '\''s/^[ABCDGIRSTW]* .* \(.*\)$/extern char \1;/p'\'''
lt_cv_sys_max_cmd_len=1572864
lt_cv_to_host_file_cmd=func_convert_file_noop
lt_cv_to_tool_file_cmd=func_convert_file_noop

## ----------------- ##
## Output variables. ##
## ----------------- ##

ACLOCAL='${SHELL} /home/guilhem/shift/spopdyn/spopdyn/libpssa/missing --run aclocal-1.12'
AMDEPBACKSLASH='\'
AMDEP_FALSE='#'
AMDEP_TRUE=''
AMTAR='$${TAR-tar}'
AR='ar'
AUTOCONF='${SHELL} /home/guilhem/shift/spopdyn/spopdyn/libpssa/missing --run autoconf'
AUTOHEADER='${SHELL} /home/guilhem/shift/spopdyn/spopdyn/libpssa/missing --run autoheader'
AUTOMAKE='${SHELL} /home/guilhem/shift/spopdyn/spopdyn/libpssa/missing --run automake-1.12'
AWK='mawk'
BOOST_CPPFLAGS='-I/usr/include'
BOOST_LDFLAGS='-L/usr/lib'
BOOST_PROGRAM_OPTIONS_LIB='-lboost_program_options-mt'
CC='gcc'
CCDEPMODE='depmode=gcc3'
CFLAGS='-g -O2'
CPP='gcc -E'
CPPFLAGS=''
CXX='g++'
CXXCPP='g++ -E'
CXXDEPMODE='depmode=gcc3'
CXXFLAGS=' -O2  -m64 -mmmx -Wno-unused-but-set-variable'
CYGPATH_W='echo'
DEFS='-DHAVE_CONFIG_H'
DEPDIR='.deps'
DLLTOOL='false'
DSYMUTIL=''
DUMPBIN=''
ECHO_C=''
ECHO_N='-n'
ECHO_T=''
EGREP='/bin/grep -E'
EXEEXT=''
FGREP='/bin/grep -F'
GREP='/bin/grep'
GSL_CFLAGS='-I/usr/include'
GSL_CONFIG='/usr/bin/gsl-config'
GSL_LIBS='-L/usr/lib -lgsl -lgslcblas -lm'
INSTALL_DATA='${INSTALL} -m 644'
INSTALL_PROGRAM='${INSTALL}'
INSTALL_SCRIPT='${INSTALL}'
INSTALL_STRIP_PROGRAM='$(install_sh) -c -s'
LD='/usr/bin/ld -m elf_x86_64'
LDFLAGS=''
LIBOBJS=''
LIBS='-lrt -lsbml '
LIBTOOL='$(SHELL) $(top_builddir)/libtool'
LIPO=''
LN_S='ln -s'
LTLIBOBJS=''
MAKEINFO='${SHELL} /home/guilhem/shift/spopdyn/spopdyn/libpssa/missing --run makeinfo'
MANIFEST_TOOL=':'
MKDIR_P='/bin/mkdir -p'
MPICXX=''
MPILIBS=''
NM='/usr/bin/nm -B'
NMEDIT=''
OBJDUMP='objdump'
OBJEXT='o'
OTOOL64=''
OTOOL=''
PACKAGE='libpssa'
PACKAGE_BUGREPORT='incardon@mpi-cbg.de'
PACKAGE_NAME='libpssa'
PACKAGE_STRING='libpssa 1.0.0RC'
PACKAGE_TARNAME='libpssa'
PACKAGE_URL=''
PACKAGE_VERSION='1.0.0RC'
PATH_SEPARATOR=':'
PRTDIAG=''
RANLIB='ranlib'
SED='/bin/sed'
SET_MAKE=''
SHELL='/bin/bash'
STRIP='strip'
VERSION='1.0.0RC'
ac_ct_AR='ar'
ac_ct_CC='gcc'
ac_ct_CXX='g++'
ac_ct_DUMPBIN=''
am__EXEEXT_FALSE=''
am__EXEEXT_TRUE='#'
am__fastdepCC_FALSE='#'
am__fastdepCC_TRUE=''
am__fastdepCXX_FALSE='#'
am__fastdepCXX_TRUE=''
am__include='include'
am__isrc=''
am__leading_dot='.'
am__nodep='_no'
am__quote=''
am__tar='$${TAR-tar} chof - "$$tardir"'
am__untar='$${TAR-tar} xf -'
bindir='${exec_prefix}/bin'
build='x86_64-unknown-linux-gnu'
build_alias=''
build_cpu='x86_64'
build_os='linux-gnu'
build_vendor='unknown'
datadir='${datarootdir}'
datarootdir='${prefix}/share'
docdir='${datarootdir}/doc/${PACKAGE_TARNAME}'
dvidir='${docdir}'
exec_prefix='${prefix}'
host='x86_64-unknown-linux-gnu'
host_alias=''
host_cpu='x86_64'
host_os='linux-gnu'
host_vendor='unknown'
htmldir='${docdir}'
includedir='${prefix}/include'
infodir='${datarootdir}/info'
install_sh='${SHELL} /home/guilhem/shift/spopdyn/spopdyn/libpssa/install-sh'
libdir='${exec_prefix}/lib'
libexecdir='${exec_prefix}/libexec'
localedir='${datarootdir}/locale'
localstatedir='${prefix}/var'
mandir='${datarootdir}/man'
mkdir_p='$(MKDIR_P)'
oldincludedir='/usr/include'
pdfdir='${docdir}'
prefix='/usr/local'
program_transform_name='s,x,x,'
psdir='${docdir}'
sbindir='${exec_prefix}/sbin'
sharedstatedir='${prefix}/com'
sysconfdir='${prefix}/etc'
target='x86_64-unknown-linux-gnu'
target_alias=''
target_cpu='x86_64'
target_os='linux-gnu'
target_vendor='unknown'

## ----------- ##
## confdefs.h. ##
## ----------- ##

/* confdefs.h */
#define PACKAGE_NAME "libpssa"
#define PACKAGE_TARNAME "libpssa"
#define PACKAGE_VERSION "1.0.0RC"
#define PACKAGE_STRING "libpssa 1.0.0RC"
#define PACKAGE_BUGREPORT "incardon@mpi-cbg.de"
#define PACKAGE_URL ""
#define STDC_HEADERS 1
#define HAVE_SYS_TYPES_H 1
#define HAVE_SYS_STAT_H 1
#define HAVE_STDLIB_H 1
#define HAVE_STRING_H 1
#define HAVE_MEMORY_H 1
#define HAVE_STRINGS_H 1
#define HAVE_INTTYPES_H 1
#define HAVE_STDINT_H 1
#define HAVE_UNISTD_H 1
#define HAVE_DLFCN_H 1
#define LT_OBJDIR ".libs/"
#define PACKAGE "libpssa"
#define VERSION "1.0.0RC"
#define HAVE_BOOST /**/
#define HAVE_BOOST_PROGRAM_OPTIONS /**/
#define HAVE_SSE /**/
#define HAVE_LIBSBML 1
#define HAVE_LIBRT 1

configure: exit 0

## ---------------------- ##
## Running config.status. ##
## ---------------------- ##

This file was extended by libpssa config.status 1.0.0RC, which was
generated by GNU Autoconf 2.69.  Invocation command line was

  CONFIG_FILES    = 
  CONFIG_HEADERS  = 
  CONFIG_LINKS    = 
  CONFIG_COMMANDS = 
  $ ./config.status libpssa/src/config.h

on golgoth

config.status:1163: creating libpssa/src/config.h
config.status:1344: libpssa/src/config.h is unchanged
